# JRE version: OpenJDK Runtime Environment (8.0_76-b03) (build 1.8.0_76-release-b03)
# Java VM: OpenJDK 64-Bit Server VM (25.76-b03 mixed mode linux-amd64 compressed oops)
Heap:
 PSYoungGen      total 378880K, used 33227K [0x00000000d5580000, 0x00000000f1780000, 0x0000000100000000)
  eden space 295424K, 0% used [0x00000000d5580000,0x00000000d5580000,0x00000000e7600000)
  from space 83456K, 39% used [0x00000000ec480000,0x00000000ee4f2dd0,0x00000000f1600000)
  to   space 80384K, 0% used [0x00000000e7600000,0x00000000e7600000,0x00000000ec480000)
 ParOldGen       total 636416K, used 636066K [0x0000000080000000, 0x00000000a6d80000, 0x00000000d5580000)
  object space 636416K, 99% used [0x0000000080000000,0x00000000a6d28840,0x00000000a6d80000)
 Metaspace       used 57890K, capacity 59806K, committed 60032K, reserved 1101824K
  class space    used 7696K, capacity 8199K, committed 8320K, reserved 1048576K
GC Heap History (10 events):
Event: 113.929 GC heap after
Heap after GC invocations=63 (full 9):
 PSYoungGen      total 305664K, used 36512K [0x00000000d5580000, 0x00000000ec400000, 0x0000000100000000)
  eden space 249344K, 0% used [0x00000000d5580000,0x00000000d5580000,0x00000000e4900000)
  from space 56320K, 64% used [0x00000000e8d00000,0x00000000eb0a8330,0x00000000ec400000)
  to   space 62976K, 0% used [0x00000000e4900000,0x00000000e4900000,0x00000000e8680000)
 ParOldGen       total 636416K, used 483633K [0x0000000080000000, 0x00000000a6d80000, 0x00000000d5580000)
  object space 636416K, 75% used [0x0000000080000000,0x000000009d84c408,0x00000000a6d80000)
 Metaspace       used 57886K, capacity 59806K, committed 60032K, reserved 1101824K
  class space    used 7696K, capacity 8199K, committed 8320K, reserved 1048576K
}
Event: 114.551 GC heap before
{Heap before GC invocations=64 (full 9):
 PSYoungGen      total 305664K, used 285856K [0x00000000d5580000, 0x00000000ec400000, 0x0000000100000000)
  eden space 249344K, 100% used [0x00000000d5580000,0x00000000e4900000,0x00000000e4900000)
  from space 56320K, 64% used [0x00000000e8d00000,0x00000000eb0a8330,0x00000000ec400000)
  to   space 62976K, 0% used [0x00000000e4900000,0x00000000e4900000,0x00000000e8680000)
 ParOldGen       total 636416K, used 483633K [0x0000000080000000, 0x00000000a6d80000, 0x00000000d5580000)
  object space 636416K, 75% used [0x0000000080000000,0x000000009d84c408,0x00000000a6d80000)
 Metaspace       used 57886K, capacity 59806K, committed 60032K, reserved 1101824K
  class space    used 7696K, capacity 8199K, committed 8320K, reserved 1048576K
Event: 114.665 GC heap after
Heap after GC invocations=64 (full 9):
 PSYoungGen      total 312320K, used 62956K [0x00000000d5580000, 0x00000000eee00000, 0x0000000100000000)
  eden space 249344K, 0% used [0x00000000d5580000,0x00000000d5580000,0x00000000e4900000)
  from space 62976K, 99% used [0x00000000e4900000,0x00000000e867b2b0,0x00000000e8680000)
  to   space 74752K, 0% used [0x00000000ea500000,0x00000000ea500000,0x00000000eee00000)
 ParOldGen       total 636416K, used 492395K [0x0000000080000000, 0x00000000a6d80000, 0x00000000d5580000)
  object space 636416K, 77% used [0x0000000080000000,0x000000009e0dace8,0x00000000a6d80000)
 Metaspace       used 57886K, capacity 59806K, committed 60032K, reserved 1101824K
  class space    used 7696K, capacity 8199K, committed 8320K, reserved 1048576K
}
Event: 115.316 GC heap before
{Heap before GC invocations=65 (full 9):
 PSYoungGen      total 312320K, used 312300K [0x00000000d5580000, 0x00000000eee00000, 0x0000000100000000)
  eden space 249344K, 100% used [0x00000000d5580000,0x00000000e4900000,0x00000000e4900000)
  from space 62976K, 99% used [0x00000000e4900000,0x00000000e867b2b0,0x00000000e8680000)
  to   space 74752K, 0% used [0x00000000ea500000,0x00000000ea500000,0x00000000eee00000)
 ParOldGen       total 636416K, used 492395K [0x0000000080000000, 0x00000000a6d80000, 0x00000000d5580000)
  object space 636416K, 77% used [0x0000000080000000,0x000000009e0dace8,0x00000000a6d80000)
 Metaspace       used 57886K, capacity 59806K, committed 60032K, reserved 1101824K
  class space    used 7696K, capacity 8199K, committed 8320K, reserved 1048576K
Event: 115.612 GC heap after
Heap after GC invocations=65 (full 9):
 PSYoungGen      total 343552K, used 38215K [0x00000000d5580000, 0x00000000eeb00000, 0x0000000100000000)
  eden space 271872K, 0% used [0x00000000d5580000,0x00000000d5580000,0x00000000e5f00000)
  from space 71680K, 53% used [0x00000000ea500000,0x00000000eca51da0,0x00000000eeb00000)
  to   space 71680K, 0% used [0x00000000e5f00000,0x00000000e5f00000,0x00000000ea500000)
 ParOldGen       total 636416K, used 555490K [0x0000000080000000, 0x00000000a6d80000, 0x00000000d5580000)
  object space 636416K, 87% used [0x0000000080000000,0x00000000a1e78b88,0x00000000a6d80000)
 Metaspace       used 57886K, capacity 59806K, committed 60032K, reserved 1101824K
  class space    used 7696K, capacity 8199K, committed 8320K, reserved 1048576K
}
Event: 118.475 GC heap before
{Heap before GC invocations=66 (full 9):
 PSYoungGen      total 343552K, used 310087K [0x00000000d5580000, 0x00000000eeb00000, 0x0000000100000000)
  eden space 271872K, 100% used [0x00000000d5580000,0x00000000e5f00000,0x00000000e5f00000)
  from space 71680K, 53% used [0x00000000ea500000,0x00000000eca51da0,0x00000000eeb00000)
  to   space 71680K, 0% used [0x00000000e5f00000,0x00000000e5f00000,0x00000000ea500000)
 ParOldGen       total 636416K, used 555490K [0x0000000080000000, 0x00000000a6d80000, 0x00000000d5580000)
  object space 636416K, 87% used [0x0000000080000000,0x00000000a1e78b88,0x00000000a6d80000)
 Metaspace       used 57888K, capacity 59806K, committed 60032K, reserved 1101824K
  class space    used 7696K, capacity 8199K, committed 8320K, reserved 1048576K
Event: 118.593 GC heap after
Heap after GC invocations=66 (full 9):
 PSYoungGen      total 343552K, used 71671K [0x00000000d5580000, 0x00000000f1600000, 0x0000000100000000)
  eden space 271872K, 0% used [0x00000000d5580000,0x00000000d5580000,0x00000000e5f00000)
  from space 71680K, 99% used [0x00000000e5f00000,0x00000000ea4fdce0,0x00000000ea500000)
  to   space 83456K, 0% used [0x00000000ec480000,0x00000000ec480000,0x00000000f1600000)
 ParOldGen       total 636416K, used 560904K [0x0000000080000000, 0x00000000a6d80000, 0x00000000d5580000)
  object space 636416K, 88% used [0x0000000080000000,0x00000000a23c2188,0x00000000a6d80000)
 Metaspace       used 57888K, capacity 59806K, committed 60032K, reserved 1101824K
  class space    used 7696K, capacity 8199K, committed 8320K, reserved 1048576K
}
Event: 119.562 GC heap before
{Heap before GC invocations=67 (full 9):
 PSYoungGen      total 343552K, used 343543K [0x00000000d5580000, 0x00000000f1600000, 0x0000000100000000)
  eden space 271872K, 100% used [0x00000000d5580000,0x00000000e5f00000,0x00000000e5f00000)
  from space 71680K, 99% used [0x00000000e5f00000,0x00000000ea4fdce0,0x00000000ea500000)
  to   space 83456K, 0% used [0x00000000ec480000,0x00000000ec480000,0x00000000f1600000)
 ParOldGen       total 636416K, used 560904K [0x0000000080000000, 0x00000000a6d80000, 0x00000000d5580000)
  object space 636416K, 88% used [0x0000000080000000,0x00000000a23c2188,0x00000000a6d80000)
 Metaspace       used 57890K, capacity 59806K, committed 60032K, reserved 1101824K
  class space    used 7696K, capacity 8199K, committed 8320K, reserved 1048576K
Event: 121.345 GC heap after
Heap after GC invocations=67 (full 9):
 PSYoungGen      total 378880K, used 42680K [0x00000000d5580000, 0x00000000f1780000, 0x0000000100000000)
  eden space 295424K, 0% used [0x00000000d5580000,0x00000000d5580000,0x00000000e7600000)
  from space 83456K, 51% used [0x00000000ec480000,0x00000000eee2e0f8,0x00000000f1600000)
  to   space 80384K, 0% used [0x00000000e7600000,0x00000000e7600000,0x00000000ec480000)
 ParOldGen       total 636416K, used 632215K [0x0000000080000000, 0x00000000a6d80000, 0x00000000d5580000)
  object space 636416K, 99% used [0x0000000080000000,0x00000000a6965c88,0x00000000a6d80000)
 Metaspace       used 57890K, capacity 59806K, committed 60032K, reserved 1101824K
  class space    used 7696K, capacity 8199K, committed 8320K, reserved 1048576K
}
Event: 121.345 GC heap before
{Heap before GC invocations=68 (full 10):
 PSYoungGen      total 378880K, used 42680K [0x00000000d5580000, 0x00000000f1780000, 0x0000000100000000)
  eden space 295424K, 0% used [0x00000000d5580000,0x00000000d5580000,0x00000000e7600000)
  from space 83456K, 51% used [0x00000000ec480000,0x00000000eee2e0f8,0x00000000f1600000)
  to   space 80384K, 0% used [0x00000000e7600000,0x00000000e7600000,0x00000000ec480000)
 ParOldGen       total 636416K, used 632215K [0x0000000080000000, 0x00000000a6d80000, 0x00000000d5580000)
  object space 636416K, 99% used [0x0000000080000000,0x00000000a6965c88,0x00000000a6d80000)
 Metaspace       used 57890K, capacity 59806K, committed 60032K, reserved 1101824K
  class space    used 7696K, capacity 8199K, committed 8320K, reserved 1048576K

