# JRE version: OpenJDK Runtime Environment (8.0_76-b03) (build 1.8.0_76-release-b03)
# Java VM: OpenJDK 64-Bit Server VM (25.76-b03 mixed mode linux-amd64 compressed oops)
Heap:
 PSYoungGen      total 286720K, used 0K [0x00000000eab00000, 0x0000000100000000, 0x0000000100000000)
  eden space 224256K, 0% used [0x00000000eab00000,0x00000000eab00000,0x00000000f8600000)
  from space 62464K, 0% used [0x00000000f8600000,0x00000000f8600000,0x00000000fc300000)
  to   space 62464K, 0% used [0x00000000fc300000,0x00000000fc300000,0x0000000100000000)
 ParOldGen       total 152576K, used 144678K [0x00000000c0000000, 0x00000000c9500000, 0x00000000eab00000)
  object space 152576K, 94% used [0x00000000c0000000,0x00000000c8d49970,0x00000000c9500000)
 Metaspace       used 75348K, capacity 77802K, committed 78720K, reserved 1118208K
  class space    used 9402K, capacity 9947K, committed 10112K, reserved 1048576K
GC Heap History (10 events):
Event: 72.758 GC heap after
Heap after GC invocations=22 (full 4):
 PSYoungGen      total 280576K, used 26615K [0x00000000eab00000, 0x0000000100000000, 0x0000000100000000)
  eden space 253952K, 0% used [0x00000000eab00000,0x00000000eab00000,0x00000000fa300000)
  from space 26624K, 99% used [0x00000000fe600000,0x00000000ffffdf10,0x0000000100000000)
  to   space 47616K, 0% used [0x00000000fa300000,0x00000000fa300000,0x00000000fd180000)
 ParOldGen       total 152576K, used 102251K [0x00000000c0000000, 0x00000000c9500000, 0x00000000eab00000)
  object space 152576K, 67% used [0x00000000c0000000,0x00000000c63dacc0,0x00000000c9500000)
 Metaspace       used 73955K, capacity 76104K, committed 76416K, reserved 1116160K
  class space    used 9272K, capacity 9822K, committed 9856K, reserved 1048576K
}
Event: 72.758 GC heap before
{Heap before GC invocations=23 (full 5):
 PSYoungGen      total 280576K, used 26615K [0x00000000eab00000, 0x0000000100000000, 0x0000000100000000)
  eden space 253952K, 0% used [0x00000000eab00000,0x00000000eab00000,0x00000000fa300000)
  from space 26624K, 99% used [0x00000000fe600000,0x00000000ffffdf10,0x0000000100000000)
  to   space 47616K, 0% used [0x00000000fa300000,0x00000000fa300000,0x00000000fd180000)
 ParOldGen       total 152576K, used 102251K [0x00000000c0000000, 0x00000000c9500000, 0x00000000eab00000)
  object space 152576K, 67% used [0x00000000c0000000,0x00000000c63dacc0,0x00000000c9500000)
 Metaspace       used 73955K, capacity 76104K, committed 76416K, reserved 1116160K
  class space    used 9272K, capacity 9822K, committed 9856K, reserved 1048576K
Event: 73.142 GC heap after
Heap after GC invocations=23 (full 5):
 PSYoungGen      total 280576K, used 0K [0x00000000eab00000, 0x0000000100000000, 0x0000000100000000)
  eden space 253952K, 0% used [0x00000000eab00000,0x00000000eab00000,0x00000000fa300000)
  from space 26624K, 0% used [0x00000000fe600000,0x00000000fe600000,0x0000000100000000)
  to   space 47616K, 0% used [0x00000000fa300000,0x00000000fa300000,0x00000000fd180000)
 ParOldGen       total 152576K, used 64098K [0x00000000c0000000, 0x00000000c9500000, 0x00000000eab00000)
  object space 152576K, 42% used [0x00000000c0000000,0x00000000c3e98a90,0x00000000c9500000)
 Metaspace       used 73195K, capacity 75286K, committed 76416K, reserved 1116160K
  class space    used 9189K, capacity 9717K, committed 9856K, reserved 1048576K
}
Event: 253.581 GC heap before
{Heap before GC invocations=24 (full 5):
 PSYoungGen      total 280576K, used 253952K [0x00000000eab00000, 0x0000000100000000, 0x0000000100000000)
  eden space 253952K, 100% used [0x00000000eab00000,0x00000000fa300000,0x00000000fa300000)
  from space 26624K, 0% used [0x00000000fe600000,0x00000000fe600000,0x0000000100000000)
  to   space 47616K, 0% used [0x00000000fa300000,0x00000000fa300000,0x00000000fd180000)
 ParOldGen       total 152576K, used 64098K [0x00000000c0000000, 0x00000000c9500000, 0x00000000eab00000)
  object space 152576K, 42% used [0x00000000c0000000,0x00000000c3e98a90,0x00000000c9500000)
 Metaspace       used 73896K, capacity 76186K, committed 76800K, reserved 1116160K
  class space    used 9235K, capacity 9783K, committed 9984K, reserved 1048576K
Event: 253.789 GC heap after
Heap after GC invocations=24 (full 5):
 PSYoungGen      total 301568K, used 12016K [0x00000000eab00000, 0x0000000100000000, 0x0000000100000000)
  eden space 253952K, 0% used [0x00000000eab00000,0x00000000eab00000,0x00000000fa300000)
  from space 47616K, 25% used [0x00000000fa300000,0x00000000faebc030,0x00000000fd180000)
  to   space 45568K, 0% used [0x00000000fd380000,0x00000000fd380000,0x0000000100000000)
 ParOldGen       total 152576K, used 64106K [0x00000000c0000000, 0x00000000c9500000, 0x00000000eab00000)
  object space 152576K, 42% used [0x00000000c0000000,0x00000000c3e9aa90,0x00000000c9500000)
 Metaspace       used 73896K, capacity 76186K, committed 76800K, reserved 1116160K
  class space    used 9235K, capacity 9783K, committed 9984K, reserved 1048576K
}
Event: 298.060 GC heap before
{Heap before GC invocations=25 (full 5):
 PSYoungGen      total 301568K, used 265968K [0x00000000eab00000, 0x0000000100000000, 0x0000000100000000)
  eden space 253952K, 100% used [0x00000000eab00000,0x00000000fa300000,0x00000000fa300000)
  from space 47616K, 25% used [0x00000000fa300000,0x00000000faebc030,0x00000000fd180000)
  to   space 45568K, 0% used [0x00000000fd380000,0x00000000fd380000,0x0000000100000000)
 ParOldGen       total 152576K, used 64106K [0x00000000c0000000, 0x00000000c9500000, 0x00000000eab00000)
  object space 152576K, 42% used [0x00000000c0000000,0x00000000c3e9aa90,0x00000000c9500000)
 Metaspace       used 74997K, capacity 77492K, committed 77568K, reserved 1116160K
  class space    used 9334K, capacity 9916K, committed 9984K, reserved 1048576K
Event: 298.137 GC heap after
Heap after GC invocations=25 (full 5):
 PSYoungGen      total 269824K, used 45565K [0x00000000eab00000, 0x0000000100000000, 0x0000000100000000)
  eden space 224256K, 0% used [0x00000000eab00000,0x00000000eab00000,0x00000000f8600000)
  from space 45568K, 99% used [0x00000000fd380000,0x00000000fffff5b8,0x0000000100000000)
  to   space 62464K, 0% used [0x00000000f8600000,0x00000000f8600000,0x00000000fc300000)
 ParOldGen       total 152576K, used 88708K [0x00000000c0000000, 0x00000000c9500000, 0x00000000eab00000)
  object space 152576K, 58% used [0x00000000c0000000,0x00000000c56a11e0,0x00000000c9500000)
 Metaspace       used 74997K, capacity 77492K, committed 77568K, reserved 1116160K
  class space    used 9334K, capacity 9916K, committed 9984K, reserved 1048576K
}
Event: 307.179 GC heap before
{Heap before GC invocations=26 (full 5):
 PSYoungGen      total 269824K, used 269821K [0x00000000eab00000, 0x0000000100000000, 0x0000000100000000)
  eden space 224256K, 100% used [0x00000000eab00000,0x00000000f8600000,0x00000000f8600000)
  from space 45568K, 99% used [0x00000000fd380000,0x00000000fffff5b8,0x0000000100000000)
  to   space 62464K, 0% used [0x00000000f8600000,0x00000000f8600000,0x00000000fc300000)
 ParOldGen       total 152576K, used 88708K [0x00000000c0000000, 0x00000000c9500000, 0x00000000eab00000)
  object space 152576K, 58% used [0x00000000c0000000,0x00000000c56a11e0,0x00000000c9500000)
 Metaspace       used 76103K, capacity 78620K, committed 78720K, reserved 1118208K
  class space    used 9485K, capacity 10052K, committed 10112K, reserved 1048576K
Event: 307.468 GC heap after
Heap after GC invocations=26 (full 5):
 PSYoungGen      total 286720K, used 62464K [0x00000000eab00000, 0x0000000100000000, 0x0000000100000000)
  eden space 224256K, 0% used [0x00000000eab00000,0x00000000eab00000,0x00000000f8600000)
  from space 62464K, 100% used [0x00000000f8600000,0x00000000fc300000,0x00000000fc300000)
  to   space 62464K, 0% used [0x00000000fc300000,0x00000000fc300000,0x0000000100000000)
 ParOldGen       total 152576K, used 143824K [0x00000000c0000000, 0x00000000c9500000, 0x00000000eab00000)
  object space 152576K, 94% used [0x00000000c0000000,0x00000000c8c74378,0x00000000c9500000)
 Metaspace       used 76103K, capacity 78620K, committed 78720K, reserved 1118208K
  class space    used 9485K, capacity 10052K, committed 10112K, reserved 1048576K
}
Event: 307.611 GC heap before
{Heap before GC invocations=27 (full 6):
 PSYoungGen      total 286720K, used 62464K [0x00000000eab00000, 0x0000000100000000, 0x0000000100000000)
  eden space 224256K, 0% used [0x00000000eab00000,0x00000000eab00000,0x00000000f8600000)
  from space 62464K, 100% used [0x00000000f8600000,0x00000000fc300000,0x00000000fc300000)
  to   space 62464K, 0% used [0x00000000fc300000,0x00000000fc300000,0x0000000100000000)
 ParOldGen       total 152576K, used 143824K [0x00000000c0000000, 0x00000000c9500000, 0x00000000eab00000)
  object space 152576K, 94% used [0x00000000c0000000,0x00000000c8c74378,0x00000000c9500000)
 Metaspace       used 76103K, capacity 78620K, committed 78720K, reserved 1118208K
  class space    used 9485K, capacity 10052K, committed 10112K, reserved 1048576K

