# JRE version: OpenJDK Runtime Environment (8.0_76-b03) (build 1.8.0_76-release-b03)
# Java VM: OpenJDK 64-Bit Server VM (25.76-b03 mixed mode linux-amd64 compressed oops)
Heap:
 PSYoungGen      total 278016K, used 29124K [0x00000000eab00000, 0x0000000100000000, 0x0000000100000000)
  eden space 206848K, 0% used [0x00000000eab00000,0x00000000eab00000,0x00000000f7500000)
  from space 71168K, 40% used [0x00000000f7500000,0x00000000f9171240,0x00000000fba80000)
  to   space 68608K, 0% used [0x00000000fbd00000,0x00000000fbd00000,0x0000000100000000)
 ParOldGen       total 234496K, used 234315K [0x00000000c0000000, 0x00000000ce500000, 0x00000000eab00000)
  object space 234496K, 99% used [0x00000000c0000000,0x00000000ce4d2e30,0x00000000ce500000)
 Metaspace       used 6571K, capacity 7280K, committed 7552K, reserved 1056768K
  class space    used 595K, capacity 616K, committed 640K, reserved 1048576K
GC Heap History (10 events):
Event: 11.156 GC heap after
Heap after GC invocations=16 (full 2):
 PSYoungGen      total 282112K, used 38378K [0x00000000eab00000, 0x0000000100000000, 0x0000000100000000)
  eden space 243712K, 0% used [0x00000000eab00000,0x00000000eab00000,0x00000000f9900000)
  from space 38400K, 99% used [0x00000000fda80000,0x00000000ffffa958,0x0000000100000000)
  to   space 52736K, 0% used [0x00000000f9900000,0x00000000f9900000,0x00000000fcc80000)
 ParOldGen       total 140288K, used 127899K [0x00000000c0000000, 0x00000000c8900000, 0x00000000eab00000)
  object space 140288K, 91% used [0x00000000c0000000,0x00000000c7ce6f80,0x00000000c8900000)
 Metaspace       used 6536K, capacity 7280K, committed 7552K, reserved 1056768K
  class space    used 595K, capacity 616K, committed 640K, reserved 1048576K
}
Event: 11.156 GC heap before
{Heap before GC invocations=17 (full 3):
 PSYoungGen      total 282112K, used 38378K [0x00000000eab00000, 0x0000000100000000, 0x0000000100000000)
  eden space 243712K, 0% used [0x00000000eab00000,0x00000000eab00000,0x00000000f9900000)
  from space 38400K, 99% used [0x00000000fda80000,0x00000000ffffa958,0x0000000100000000)
  to   space 52736K, 0% used [0x00000000f9900000,0x00000000f9900000,0x00000000fcc80000)
 ParOldGen       total 140288K, used 127899K [0x00000000c0000000, 0x00000000c8900000, 0x00000000eab00000)
  object space 140288K, 91% used [0x00000000c0000000,0x00000000c7ce6f80,0x00000000c8900000)
 Metaspace       used 6536K, capacity 7280K, committed 7552K, reserved 1056768K
  class space    used 595K, capacity 616K, committed 640K, reserved 1048576K
Event: 12.030 GC heap after
Heap after GC invocations=17 (full 3):
 PSYoungGen      total 282112K, used 22932K [0x00000000eab00000, 0x0000000100000000, 0x0000000100000000)
  eden space 243712K, 0% used [0x00000000eab00000,0x00000000eab00000,0x00000000f9900000)
  from space 38400K, 59% used [0x00000000fda80000,0x00000000ff0e5220,0x0000000100000000)
  to   space 52736K, 0% used [0x00000000f9900000,0x00000000f9900000,0x00000000fcc80000)
 ParOldGen       total 223232K, used 140071K [0x00000000c0000000, 0x00000000cda00000, 0x00000000eab00000)
  object space 223232K, 62% used [0x00000000c0000000,0x00000000c88c9d10,0x00000000cda00000)
 Metaspace       used 6536K, capacity 7280K, committed 7552K, reserved 1056768K
  class space    used 595K, capacity 616K, committed 640K, reserved 1048576K
}
Event: 13.098 GC heap before
{Heap before GC invocations=18 (full 3):
 PSYoungGen      total 282112K, used 266644K [0x00000000eab00000, 0x0000000100000000, 0x0000000100000000)
  eden space 243712K, 100% used [0x00000000eab00000,0x00000000f9900000,0x00000000f9900000)
  from space 38400K, 59% used [0x00000000fda80000,0x00000000ff0e5220,0x0000000100000000)
  to   space 52736K, 0% used [0x00000000f9900000,0x00000000f9900000,0x00000000fcc80000)
 ParOldGen       total 223232K, used 140071K [0x00000000c0000000, 0x00000000cda00000, 0x00000000eab00000)
  object space 223232K, 62% used [0x00000000c0000000,0x00000000c88c9d10,0x00000000cda00000)
 Metaspace       used 6546K, capacity 7280K, committed 7552K, reserved 1056768K
  class space    used 595K, capacity 616K, committed 640K, reserved 1048576K
Event: 13.284 GC heap after
Heap after GC invocations=18 (full 3):
 PSYoungGen      total 281088K, used 36960K [0x00000000eab00000, 0x0000000100000000, 0x0000000100000000)
  eden space 243712K, 0% used [0x00000000eab00000,0x00000000eab00000,0x00000000f9900000)
  from space 37376K, 98% used [0x00000000f9900000,0x00000000fbd18000,0x00000000fbd80000)
  to   space 55808K, 0% used [0x00000000fc980000,0x00000000fc980000,0x0000000100000000)
 ParOldGen       total 223232K, used 162887K [0x00000000c0000000, 0x00000000cda00000, 0x00000000eab00000)
  object space 223232K, 72% used [0x00000000c0000000,0x00000000c9f11d58,0x00000000cda00000)
 Metaspace       used 6546K, capacity 7280K, committed 7552K, reserved 1056768K
  class space    used 595K, capacity 616K, committed 640K, reserved 1048576K
}
Event: 16.787 GC heap before
{Heap before GC invocations=19 (full 3):
 PSYoungGen      total 281088K, used 280672K [0x00000000eab00000, 0x0000000100000000, 0x0000000100000000)
  eden space 243712K, 100% used [0x00000000eab00000,0x00000000f9900000,0x00000000f9900000)
  from space 37376K, 98% used [0x00000000f9900000,0x00000000fbd18000,0x00000000fbd80000)
  to   space 55808K, 0% used [0x00000000fc980000,0x00000000fc980000,0x0000000100000000)
 ParOldGen       total 223232K, used 162887K [0x00000000c0000000, 0x00000000cda00000, 0x00000000eab00000)
  object space 223232K, 72% used [0x00000000c0000000,0x00000000c9f11d58,0x00000000cda00000)
 Metaspace       used 6555K, capacity 7280K, committed 7552K, reserved 1056768K
  class space    used 595K, capacity 616K, committed 640K, reserved 1048576K
Event: 16.877 GC heap after
Heap after GC invocations=19 (full 3):
 PSYoungGen      total 262656K, used 55783K [0x00000000eab00000, 0x0000000100000000, 0x0000000100000000)
  eden space 206848K, 0% used [0x00000000eab00000,0x00000000eab00000,0x00000000f7500000)
  from space 55808K, 99% used [0x00000000fc980000,0x00000000ffff9f68,0x0000000100000000)
  to   space 71168K, 0% used [0x00000000f7500000,0x00000000f7500000,0x00000000fba80000)
 ParOldGen       total 223232K, used 178416K [0x00000000c0000000, 0x00000000cda00000, 0x00000000eab00000)
  object space 223232K, 79% used [0x00000000c0000000,0x00000000cae3c270,0x00000000cda00000)
 Metaspace       used 6555K, capacity 7280K, committed 7552K, reserved 1056768K
  class space    used 595K, capacity 616K, committed 640K, reserved 1048576K
}
Event: 18.342 GC heap before
{Heap before GC invocations=20 (full 3):
 PSYoungGen      total 262656K, used 262631K [0x00000000eab00000, 0x0000000100000000, 0x0000000100000000)
  eden space 206848K, 100% used [0x00000000eab00000,0x00000000f7500000,0x00000000f7500000)
  from space 55808K, 99% used [0x00000000fc980000,0x00000000ffff9f68,0x0000000100000000)
  to   space 71168K, 0% used [0x00000000f7500000,0x00000000f7500000,0x00000000fba80000)
 ParOldGen       total 223232K, used 178416K [0x00000000c0000000, 0x00000000cda00000, 0x00000000eab00000)
  object space 223232K, 79% used [0x00000000c0000000,0x00000000cae3c270,0x00000000cda00000)
 Metaspace       used 6571K, capacity 7280K, committed 7552K, reserved 1056768K
  class space    used 595K, capacity 616K, committed 640K, reserved 1048576K
Event: 18.493 GC heap after
Heap after GC invocations=20 (full 3):
 PSYoungGen      total 278016K, used 31868K [0x00000000eab00000, 0x0000000100000000, 0x0000000100000000)
  eden space 206848K, 0% used [0x00000000eab00000,0x00000000eab00000,0x00000000f7500000)
  from space 71168K, 44% used [0x00000000f7500000,0x00000000f941f210,0x00000000fba80000)
  to   space 68608K, 0% used [0x00000000fbd00000,0x00000000fbd00000,0x0000000100000000)
 ParOldGen       total 234496K, used 234334K [0x00000000c0000000, 0x00000000ce500000, 0x00000000eab00000)
  object space 234496K, 99% used [0x00000000c0000000,0x00000000ce4d7bd8,0x00000000ce500000)
 Metaspace       used 6571K, capacity 7280K, committed 7552K, reserved 1056768K
  class space    used 595K, capacity 616K, committed 640K, reserved 1048576K
}
Event: 18.493 GC heap before
{Heap before GC invocations=21 (full 4):
 PSYoungGen      total 278016K, used 31868K [0x00000000eab00000, 0x0000000100000000, 0x0000000100000000)
  eden space 206848K, 0% used [0x00000000eab00000,0x00000000eab00000,0x00000000f7500000)
  from space 71168K, 44% used [0x00000000f7500000,0x00000000f941f210,0x00000000fba80000)
  to   space 68608K, 0% used [0x00000000fbd00000,0x00000000fbd00000,0x0000000100000000)
 ParOldGen       total 234496K, used 234334K [0x00000000c0000000, 0x00000000ce500000, 0x00000000eab00000)
  object space 234496K, 99% used [0x00000000c0000000,0x00000000ce4d7bd8,0x00000000ce500000)
 Metaspace       used 6571K, capacity 7280K, committed 7552K, reserved 1056768K
  class space    used 595K, capacity 616K, committed 640K, reserved 1048576K

