# JRE version: OpenJDK Runtime Environment (8.0_76-b03) (build 1.8.0_76-release-b03)
# Java VM: OpenJDK 64-Bit Server VM (25.76-b03 mixed mode linux-amd64 compressed oops)
Heap:
 PSYoungGen      total 130048K, used 13310K [0x00000000eab00000, 0x00000000f3b00000, 0x0000000100000000)
  eden space 116736K, 0% used [0x00000000eab00000,0x00000000eab00000,0x00000000f1d00000)
  from space 13312K, 99% used [0x00000000f1d00000,0x00000000f29ffb38,0x00000000f2a00000)
  to   space 9216K, 0% used [0x00000000f2a00000,0x00000000f2a00000,0x00000000f3300000)
 ParOldGen       total 42496K, used 28134K [0x00000000c0000000, 0x00000000c2980000, 0x00000000eab00000)
  object space 42496K, 66% used [0x00000000c0000000,0x00000000c1b798c8,0x00000000c2980000)
 Metaspace       used 6301K, capacity 7152K, committed 7296K, reserved 1056768K
  class space    used 594K, capacity 616K, committed 640K, reserved 1048576K
GC Heap History (10 events):
Event: 2.532 GC heap after
Heap after GC invocations=4 (full 0):
 PSYoungGen      total 34304K, used 2340K [0x00000000eab00000, 0x00000000ecf00000, 0x0000000100000000)
  eden space 31744K, 0% used [0x00000000eab00000,0x00000000eab00000,0x00000000eca00000)
  from space 2560K, 91% used [0x00000000ecc80000,0x00000000ecec9278,0x00000000ecf00000)
  to   space 2560K, 0% used [0x00000000eca00000,0x00000000eca00000,0x00000000ecc80000)
 ParOldGen       total 42496K, used 32K [0x00000000c0000000, 0x00000000c2980000, 0x00000000eab00000)
  object space 42496K, 0% used [0x00000000c0000000,0x00000000c0008000,0x00000000c2980000)
 Metaspace       used 3332K, capacity 4720K, committed 4864K, reserved 1056768K
  class space    used 347K, capacity 424K, committed 512K, reserved 1048576K
}
Event: 2.558 GC heap before
{Heap before GC invocations=5 (full 0):
 PSYoungGen      total 34304K, used 34084K [0x00000000eab00000, 0x00000000ecf00000, 0x0000000100000000)
  eden space 31744K, 100% used [0x00000000eab00000,0x00000000eca00000,0x00000000eca00000)
  from space 2560K, 91% used [0x00000000ecc80000,0x00000000ecec9278,0x00000000ecf00000)
  to   space 2560K, 0% used [0x00000000eca00000,0x00000000eca00000,0x00000000ecc80000)
 ParOldGen       total 42496K, used 32K [0x00000000c0000000, 0x00000000c2980000, 0x00000000eab00000)
  object space 42496K, 0% used [0x00000000c0000000,0x00000000c0008000,0x00000000c2980000)
 Metaspace       used 3335K, capacity 4720K, committed 4864K, reserved 1056768K
  class space    used 347K, capacity 424K, committed 512K, reserved 1048576K
Event: 2.563 GC heap after
Heap after GC invocations=5 (full 0):
 PSYoungGen      total 34304K, used 2260K [0x00000000eab00000, 0x00000000eee00000, 0x0000000100000000)
  eden space 31744K, 0% used [0x00000000eab00000,0x00000000eab00000,0x00000000eca00000)
  from space 2560K, 88% used [0x00000000eca00000,0x00000000ecc35288,0x00000000ecc80000)
  to   space 2560K, 0% used [0x00000000eeb80000,0x00000000eeb80000,0x00000000eee00000)
 ParOldGen       total 42496K, used 40K [0x00000000c0000000, 0x00000000c2980000, 0x00000000eab00000)
  object space 42496K, 0% used [0x00000000c0000000,0x00000000c000a000,0x00000000c2980000)
 Metaspace       used 3335K, capacity 4720K, committed 4864K, reserved 1056768K
  class space    used 347K, capacity 424K, committed 512K, reserved 1048576K
}
Event: 3.230 GC heap before
{Heap before GC invocations=6 (full 0):
 PSYoungGen      total 34304K, used 34004K [0x00000000eab00000, 0x00000000eee00000, 0x0000000100000000)
  eden space 31744K, 100% used [0x00000000eab00000,0x00000000eca00000,0x00000000eca00000)
  from space 2560K, 88% used [0x00000000eca00000,0x00000000ecc35288,0x00000000ecc80000)
  to   space 2560K, 0% used [0x00000000eeb80000,0x00000000eeb80000,0x00000000eee00000)
 ParOldGen       total 42496K, used 40K [0x00000000c0000000, 0x00000000c2980000, 0x00000000eab00000)
  object space 42496K, 0% used [0x00000000c0000000,0x00000000c000a000,0x00000000c2980000)
 Metaspace       used 5777K, capacity 6768K, committed 7040K, reserved 1056768K
  class space    used 574K, capacity 616K, committed 640K, reserved 1048576K
Event: 3.244 GC heap after
Heap after GC invocations=6 (full 0):
 PSYoungGen      total 62976K, used 2534K [0x00000000eab00000, 0x00000000ef400000, 0x0000000100000000)
  eden space 60416K, 0% used [0x00000000eab00000,0x00000000eab00000,0x00000000ee600000)
  from space 2560K, 99% used [0x00000000eeb80000,0x00000000eedf9a68,0x00000000eee00000)
  to   space 5632K, 0% used [0x00000000ee600000,0x00000000ee600000,0x00000000eeb80000)
 ParOldGen       total 42496K, used 5083K [0x00000000c0000000, 0x00000000c2980000, 0x00000000eab00000)
  object space 42496K, 11% used [0x00000000c0000000,0x00000000c04f6c20,0x00000000c2980000)
 Metaspace       used 5777K, capacity 6768K, committed 7040K, reserved 1056768K
  class space    used 574K, capacity 616K, committed 640K, reserved 1048576K
}
Event: 3.822 GC heap before
{Heap before GC invocations=7 (full 0):
 PSYoungGen      total 62976K, used 62950K [0x00000000eab00000, 0x00000000ef400000, 0x0000000100000000)
  eden space 60416K, 100% used [0x00000000eab00000,0x00000000ee600000,0x00000000ee600000)
  from space 2560K, 99% used [0x00000000eeb80000,0x00000000eedf9a68,0x00000000eee00000)
  to   space 5632K, 0% used [0x00000000ee600000,0x00000000ee600000,0x00000000eeb80000)
 ParOldGen       total 42496K, used 5083K [0x00000000c0000000, 0x00000000c2980000, 0x00000000eab00000)
  object space 42496K, 11% used [0x00000000c0000000,0x00000000c04f6c20,0x00000000c2980000)
 Metaspace       used 5922K, capacity 6896K, committed 7040K, reserved 1056768K
  class space    used 576K, capacity 616K, committed 640K, reserved 1048576K
Event: 3.846 GC heap after
Heap after GC invocations=7 (full 0):
 PSYoungGen      total 66048K, used 5604K [0x00000000eab00000, 0x00000000f3300000, 0x0000000100000000)
  eden space 60416K, 0% used [0x00000000eab00000,0x00000000eab00000,0x00000000ee600000)
  from space 5632K, 99% used [0x00000000ee600000,0x00000000eeb79340,0x00000000eeb80000)
  to   space 9216K, 0% used [0x00000000f2a00000,0x00000000f2a00000,0x00000000f3300000)
 ParOldGen       total 42496K, used 10547K [0x00000000c0000000, 0x00000000c2980000, 0x00000000eab00000)
  object space 42496K, 24% used [0x00000000c0000000,0x00000000c0a4ccd0,0x00000000c2980000)
 Metaspace       used 5922K, capacity 6896K, committed 7040K, reserved 1056768K
  class space    used 576K, capacity 616K, committed 640K, reserved 1048576K
}
Event: 4.200 GC heap before
{Heap before GC invocations=8 (full 0):
 PSYoungGen      total 66048K, used 66020K [0x00000000eab00000, 0x00000000f3300000, 0x0000000100000000)
  eden space 60416K, 100% used [0x00000000eab00000,0x00000000ee600000,0x00000000ee600000)
  from space 5632K, 99% used [0x00000000ee600000,0x00000000eeb79340,0x00000000eeb80000)
  to   space 9216K, 0% used [0x00000000f2a00000,0x00000000f2a00000,0x00000000f3300000)
 ParOldGen       total 42496K, used 10547K [0x00000000c0000000, 0x00000000c2980000, 0x00000000eab00000)
  object space 42496K, 24% used [0x00000000c0000000,0x00000000c0a4ccd0,0x00000000c2980000)
 Metaspace       used 6116K, capacity 7024K, committed 7296K, reserved 1056768K
  class space    used 594K, capacity 616K, committed 640K, reserved 1048576K
Event: 4.225 GC heap after
Heap after GC invocations=8 (full 0):
 PSYoungGen      total 125952K, used 9188K [0x00000000eab00000, 0x00000000f3b00000, 0x0000000100000000)
  eden space 116736K, 0% used [0x00000000eab00000,0x00000000eab00000,0x00000000f1d00000)
  from space 9216K, 99% used [0x00000000f2a00000,0x00000000f32f92b0,0x00000000f3300000)
  to   space 13312K, 0% used [0x00000000f1d00000,0x00000000f1d00000,0x00000000f2a00000)
 ParOldGen       total 42496K, used 15958K [0x00000000c0000000, 0x00000000c2980000, 0x00000000eab00000)
  object space 42496K, 37% used [0x00000000c0000000,0x00000000c0f95848,0x00000000c2980000)
 Metaspace       used 6116K, capacity 7024K, committed 7296K, reserved 1056768K
  class space    used 594K, capacity 616K, committed 640K, reserved 1048576K
}
Event: 4.926 GC heap before
{Heap before GC invocations=9 (full 0):
 PSYoungGen      total 125952K, used 125924K [0x00000000eab00000, 0x00000000f3b00000, 0x0000000100000000)
  eden space 116736K, 100% used [0x00000000eab00000,0x00000000f1d00000,0x00000000f1d00000)
  from space 9216K, 99% used [0x00000000f2a00000,0x00000000f32f92b0,0x00000000f3300000)
  to   space 13312K, 0% used [0x00000000f1d00000,0x00000000f1d00000,0x00000000f2a00000)
 ParOldGen       total 42496K, used 15958K [0x00000000c0000000, 0x00000000c2980000, 0x00000000eab00000)
  object space 42496K, 37% used [0x00000000c0000000,0x00000000c0f95848,0x00000000c2980000)
 Metaspace       used 6301K, capacity 7152K, committed 7296K, reserved 1056768K
  class space    used 594K, capacity 616K, committed 640K, reserved 1048576K

