# JRE version: OpenJDK Runtime Environment (8.0_76-b03) (build 1.8.0_76-release-b03)
# Java VM: OpenJDK 64-Bit Server VM (25.76-b03 mixed mode linux-amd64 compressed oops)
Heap:
 PSYoungGen      total 232960K, used 41434K [0x00000000eab00000, 0x0000000100000000, 0x0000000100000000)
  eden space 116736K, 0% used [0x00000000eab00000,0x00000000eab00000,0x00000000f1d00000)
  from space 116224K, 35% used [0x00000000f1d00000,0x00000000f45769f8,0x00000000f8e80000)
  to   space 116224K, 0% used [0x00000000f8e80000,0x00000000f8e80000,0x0000000100000000)
 ParOldGen       total 514560K, used 514255K [0x00000000c0000000, 0x00000000df680000, 0x00000000eab00000)
  object space 514560K, 99% used [0x00000000c0000000,0x00000000df633c20,0x00000000df680000)
 Metaspace       used 6575K, capacity 7280K, committed 7552K, reserved 1056768K
  class space    used 595K, capacity 616K, committed 640K, reserved 1048576K
GC Heap History (10 events):
Event: 20.166 GC heap after
Heap after GC invocations=32 (full 5):
 PSYoungGen      total 153088K, used 36244K [0x00000000eab00000, 0x00000000ff580000, 0x0000000100000000)
  eden space 116736K, 0% used [0x00000000eab00000,0x00000000eab00000,0x00000000f1d00000)
  from space 36352K, 99% used [0x00000000f1d00000,0x00000000f40652d8,0x00000000f4080000)
  to   space 108544K, 0% used [0x00000000f8b80000,0x00000000f8b80000,0x00000000ff580000)
 ParOldGen       total 514560K, used 446037K [0x00000000c0000000, 0x00000000df680000, 0x00000000eab00000)
  object space 514560K, 86% used [0x00000000c0000000,0x00000000db395660,0x00000000df680000)
 Metaspace       used 6574K, capacity 7280K, committed 7552K, reserved 1056768K
  class space    used 595K, capacity 616K, committed 640K, reserved 1048576K
}
Event: 20.493 GC heap before
{Heap before GC invocations=33 (full 5):
 PSYoungGen      total 153088K, used 152980K [0x00000000eab00000, 0x00000000ff580000, 0x0000000100000000)
  eden space 116736K, 100% used [0x00000000eab00000,0x00000000f1d00000,0x00000000f1d00000)
  from space 36352K, 99% used [0x00000000f1d00000,0x00000000f40652d8,0x00000000f4080000)
  to   space 108544K, 0% used [0x00000000f8b80000,0x00000000f8b80000,0x00000000ff580000)
 ParOldGen       total 514560K, used 446037K [0x00000000c0000000, 0x00000000df680000, 0x00000000eab00000)
  object space 514560K, 86% used [0x00000000c0000000,0x00000000db395660,0x00000000df680000)
 Metaspace       used 6574K, capacity 7280K, committed 7552K, reserved 1056768K
  class space    used 595K, capacity 616K, committed 640K, reserved 1048576K
Event: 20.569 GC heap after
Heap after GC invocations=33 (full 5):
 PSYoungGen      total 231936K, used 54287K [0x00000000eab00000, 0x00000000ffb00000, 0x0000000100000000)
  eden space 123392K, 0% used [0x00000000eab00000,0x00000000eab00000,0x00000000f2380000)
  from space 108544K, 50% used [0x00000000f8b80000,0x00000000fc083cd8,0x00000000ff580000)
  to   space 106496K, 0% used [0x00000000f2380000,0x00000000f2380000,0x00000000f8b80000)
 ParOldGen       total 514560K, used 446037K [0x00000000c0000000, 0x00000000df680000, 0x00000000eab00000)
  object space 514560K, 86% used [0x00000000c0000000,0x00000000db395660,0x00000000df680000)
 Metaspace       used 6574K, capacity 7280K, committed 7552K, reserved 1056768K
  class space    used 595K, capacity 616K, committed 640K, reserved 1048576K
}
Event: 20.900 GC heap before
{Heap before GC invocations=34 (full 5):
 PSYoungGen      total 231936K, used 177679K [0x00000000eab00000, 0x00000000ffb00000, 0x0000000100000000)
  eden space 123392K, 100% used [0x00000000eab00000,0x00000000f2380000,0x00000000f2380000)
  from space 108544K, 50% used [0x00000000f8b80000,0x00000000fc083cd8,0x00000000ff580000)
  to   space 106496K, 0% used [0x00000000f2380000,0x00000000f2380000,0x00000000f8b80000)
 ParOldGen       total 514560K, used 446037K [0x00000000c0000000, 0x00000000df680000, 0x00000000eab00000)
  object space 514560K, 86% used [0x00000000c0000000,0x00000000db395660,0x00000000df680000)
 Metaspace       used 6574K, capacity 7280K, committed 7552K, reserved 1056768K
  class space    used 595K, capacity 616K, committed 640K, reserved 1048576K
Event: 20.985 GC heap after
Heap after GC invocations=34 (full 5):
 PSYoungGen      total 229888K, used 73525K [0x00000000eab00000, 0x0000000100000000, 0x0000000100000000)
  eden space 123392K, 0% used [0x00000000eab00000,0x00000000eab00000,0x00000000f2380000)
  from space 106496K, 69% used [0x00000000f2380000,0x00000000f6b4d750,0x00000000f8b80000)
  to   space 111104K, 0% used [0x00000000f9380000,0x00000000f9380000,0x0000000100000000)
 ParOldGen       total 514560K, used 446037K [0x00000000c0000000, 0x00000000df680000, 0x00000000eab00000)
  object space 514560K, 86% used [0x00000000c0000000,0x00000000db395660,0x00000000df680000)
 Metaspace       used 6574K, capacity 7280K, committed 7552K, reserved 1056768K
  class space    used 595K, capacity 616K, committed 640K, reserved 1048576K
}
Event: 21.320 GC heap before
{Heap before GC invocations=35 (full 5):
 PSYoungGen      total 229888K, used 196917K [0x00000000eab00000, 0x0000000100000000, 0x0000000100000000)
  eden space 123392K, 100% used [0x00000000eab00000,0x00000000f2380000,0x00000000f2380000)
  from space 106496K, 69% used [0x00000000f2380000,0x00000000f6b4d750,0x00000000f8b80000)
  to   space 111104K, 0% used [0x00000000f9380000,0x00000000f9380000,0x0000000100000000)
 ParOldGen       total 514560K, used 446037K [0x00000000c0000000, 0x00000000df680000, 0x00000000eab00000)
  object space 514560K, 86% used [0x00000000c0000000,0x00000000db395660,0x00000000df680000)
 Metaspace       used 6574K, capacity 7280K, committed 7552K, reserved 1056768K
  class space    used 595K, capacity 616K, committed 640K, reserved 1048576K
Event: 21.450 GC heap after
Heap after GC invocations=35 (full 5):
 PSYoungGen      total 227840K, used 93012K [0x00000000eab00000, 0x0000000100000000, 0x0000000100000000)
  eden space 116736K, 0% used [0x00000000eab00000,0x00000000eab00000,0x00000000f1d00000)
  from space 111104K, 83% used [0x00000000f9380000,0x00000000fee55320,0x0000000100000000)
  to   space 116224K, 0% used [0x00000000f1d00000,0x00000000f1d00000,0x00000000f8e80000)
 ParOldGen       total 514560K, used 446037K [0x00000000c0000000, 0x00000000df680000, 0x00000000eab00000)
  object space 514560K, 86% used [0x00000000c0000000,0x00000000db395660,0x00000000df680000)
 Metaspace       used 6574K, capacity 7280K, committed 7552K, reserved 1056768K
  class space    used 595K, capacity 616K, committed 640K, reserved 1048576K
}
Event: 21.775 GC heap before
{Heap before GC invocations=36 (full 5):
 PSYoungGen      total 227840K, used 209748K [0x00000000eab00000, 0x0000000100000000, 0x0000000100000000)
  eden space 116736K, 100% used [0x00000000eab00000,0x00000000f1d00000,0x00000000f1d00000)
  from space 111104K, 83% used [0x00000000f9380000,0x00000000fee55320,0x0000000100000000)
  to   space 116224K, 0% used [0x00000000f1d00000,0x00000000f1d00000,0x00000000f8e80000)
 ParOldGen       total 514560K, used 446037K [0x00000000c0000000, 0x00000000df680000, 0x00000000eab00000)
  object space 514560K, 86% used [0x00000000c0000000,0x00000000db395660,0x00000000df680000)
 Metaspace       used 6575K, capacity 7280K, committed 7552K, reserved 1056768K
  class space    used 595K, capacity 616K, committed 640K, reserved 1048576K
Event: 21.919 GC heap after
Heap after GC invocations=36 (full 5):
 PSYoungGen      total 232960K, used 76517K [0x00000000eab00000, 0x0000000100000000, 0x0000000100000000)
  eden space 116736K, 0% used [0x00000000eab00000,0x00000000eab00000,0x00000000f1d00000)
  from space 116224K, 65% used [0x00000000f1d00000,0x00000000f67b9400,0x00000000f8e80000)
  to   space 116224K, 0% used [0x00000000f8e80000,0x00000000f8e80000,0x0000000100000000)
 ParOldGen       total 514560K, used 481338K [0x00000000c0000000, 0x00000000df680000, 0x00000000eab00000)
  object space 514560K, 93% used [0x00000000c0000000,0x00000000dd60e898,0x00000000df680000)
 Metaspace       used 6575K, capacity 7280K, committed 7552K, reserved 1056768K
  class space    used 595K, capacity 616K, committed 640K, reserved 1048576K
}
Event: 21.919 GC heap before
{Heap before GC invocations=37 (full 6):
 PSYoungGen      total 232960K, used 76517K [0x00000000eab00000, 0x0000000100000000, 0x0000000100000000)
  eden space 116736K, 0% used [0x00000000eab00000,0x00000000eab00000,0x00000000f1d00000)
  from space 116224K, 65% used [0x00000000f1d00000,0x00000000f67b9400,0x00000000f8e80000)
  to   space 116224K, 0% used [0x00000000f8e80000,0x00000000f8e80000,0x0000000100000000)
 ParOldGen       total 514560K, used 481338K [0x00000000c0000000, 0x00000000df680000, 0x00000000eab00000)
  object space 514560K, 93% used [0x00000000c0000000,0x00000000dd60e898,0x00000000df680000)
 Metaspace       used 6575K, capacity 7280K, committed 7552K, reserved 1056768K
  class space    used 595K, capacity 616K, committed 640K, reserved 1048576K

