# JRE version: OpenJDK Runtime Environment (8.0_76-b03) (build 1.8.0_76-release-b03)
# Java VM: OpenJDK 64-Bit Server VM (25.76-b03 mixed mode linux-amd64 compressed oops)
Heap:
 PSYoungGen      total 245760K, used 25761K [0x00000000eab00000, 0x0000000100000000, 0x0000000100000000)
  eden space 184320K, 0% used [0x00000000eab00000,0x00000000eab00000,0x00000000f5f00000)
  from space 61440K, 41% used [0x00000000fc400000,0x00000000fdd286e8,0x0000000100000000)
  to   space 82432K, 0% used [0x00000000f5f00000,0x00000000f5f00000,0x00000000faf80000)
 ParOldGen       total 212992K, used 212859K [0x00000000c0000000, 0x00000000cd000000, 0x00000000eab00000)
  object space 212992K, 99% used [0x00000000c0000000,0x00000000ccfdee40,0x00000000cd000000)
 Metaspace       used 6550K, capacity 7280K, committed 7552K, reserved 1056768K
  class space    used 594K, capacity 616K, committed 640K, reserved 1048576K
GC Heap History (10 events):
Event: 6.885 GC heap after
Heap after GC invocations=13 (full 2):
 PSYoungGen      total 281600K, used 36835K [0x00000000eab00000, 0x0000000100000000, 0x0000000100000000)
  eden space 244736K, 0% used [0x00000000eab00000,0x00000000eab00000,0x00000000f9a00000)
  from space 36864K, 99% used [0x00000000f9a00000,0x00000000fbdf8de0,0x00000000fbe00000)
  to   space 55808K, 0% used [0x00000000fc980000,0x00000000fc980000,0x0000000100000000)
 ParOldGen       total 134144K, used 108983K [0x00000000c0000000, 0x00000000c8300000, 0x00000000eab00000)
  object space 134144K, 81% used [0x00000000c0000000,0x00000000c6a6dfa0,0x00000000c8300000)
 Metaspace       used 6515K, capacity 7280K, committed 7552K, reserved 1056768K
  class space    used 594K, capacity 616K, committed 640K, reserved 1048576K
}
Event: 6.885 GC heap before
{Heap before GC invocations=14 (full 3):
 PSYoungGen      total 281600K, used 36835K [0x00000000eab00000, 0x0000000100000000, 0x0000000100000000)
  eden space 244736K, 0% used [0x00000000eab00000,0x00000000eab00000,0x00000000f9a00000)
  from space 36864K, 99% used [0x00000000f9a00000,0x00000000fbdf8de0,0x00000000fbe00000)
  to   space 55808K, 0% used [0x00000000fc980000,0x00000000fc980000,0x0000000100000000)
 ParOldGen       total 134144K, used 108983K [0x00000000c0000000, 0x00000000c8300000, 0x00000000eab00000)
  object space 134144K, 81% used [0x00000000c0000000,0x00000000c6a6dfa0,0x00000000c8300000)
 Metaspace       used 6515K, capacity 7280K, committed 7552K, reserved 1056768K
  class space    used 594K, capacity 616K, committed 640K, reserved 1048576K
Event: 7.548 GC heap after
Heap after GC invocations=14 (full 3):
 PSYoungGen      total 281600K, used 10542K [0x00000000eab00000, 0x0000000100000000, 0x0000000100000000)
  eden space 244736K, 0% used [0x00000000eab00000,0x00000000eab00000,0x00000000f9a00000)
  from space 36864K, 28% used [0x00000000f9a00000,0x00000000fa44ba78,0x00000000fbe00000)
  to   space 55808K, 0% used [0x00000000fc980000,0x00000000fc980000,0x0000000100000000)
 ParOldGen       total 212992K, used 133804K [0x00000000c0000000, 0x00000000cd000000, 0x00000000eab00000)
  object space 212992K, 62% used [0x00000000c0000000,0x00000000c82ab0d0,0x00000000cd000000)
 Metaspace       used 6515K, capacity 7280K, committed 7552K, reserved 1056768K
  class space    used 594K, capacity 616K, committed 640K, reserved 1048576K
}
Event: 8.374 GC heap before
{Heap before GC invocations=15 (full 3):
 PSYoungGen      total 281600K, used 255278K [0x00000000eab00000, 0x0000000100000000, 0x0000000100000000)
  eden space 244736K, 100% used [0x00000000eab00000,0x00000000f9a00000,0x00000000f9a00000)
  from space 36864K, 28% used [0x00000000f9a00000,0x00000000fa44ba78,0x00000000fbe00000)
  to   space 55808K, 0% used [0x00000000fc980000,0x00000000fc980000,0x0000000100000000)
 ParOldGen       total 212992K, used 133804K [0x00000000c0000000, 0x00000000cd000000, 0x00000000eab00000)
  object space 212992K, 62% used [0x00000000c0000000,0x00000000c82ab0d0,0x00000000cd000000)
 Metaspace       used 6520K, capacity 7280K, committed 7552K, reserved 1056768K
  class space    used 594K, capacity 616K, committed 640K, reserved 1048576K
Event: 8.500 GC heap after
Heap after GC invocations=15 (full 3):
 PSYoungGen      total 282112K, used 45385K [0x00000000eab00000, 0x0000000100000000, 0x0000000100000000)
  eden space 226304K, 0% used [0x00000000eab00000,0x00000000eab00000,0x00000000f8800000)
  from space 55808K, 81% used [0x00000000fc980000,0x00000000ff5d2630,0x0000000100000000)
  to   space 61440K, 0% used [0x00000000f8800000,0x00000000f8800000,0x00000000fc400000)
 ParOldGen       total 212992K, used 133804K [0x00000000c0000000, 0x00000000cd000000, 0x00000000eab00000)
  object space 212992K, 62% used [0x00000000c0000000,0x00000000c82ab0d0,0x00000000cd000000)
 Metaspace       used 6520K, capacity 7280K, committed 7552K, reserved 1056768K
  class space    used 594K, capacity 616K, committed 640K, reserved 1048576K
}
Event: 9.081 GC heap before
{Heap before GC invocations=16 (full 3):
 PSYoungGen      total 282112K, used 271689K [0x00000000eab00000, 0x0000000100000000, 0x0000000100000000)
  eden space 226304K, 100% used [0x00000000eab00000,0x00000000f8800000,0x00000000f8800000)
  from space 55808K, 81% used [0x00000000fc980000,0x00000000ff5d2630,0x0000000100000000)
  to   space 61440K, 0% used [0x00000000f8800000,0x00000000f8800000,0x00000000fc400000)
 ParOldGen       total 212992K, used 133804K [0x00000000c0000000, 0x00000000cd000000, 0x00000000eab00000)
  object space 212992K, 62% used [0x00000000c0000000,0x00000000c82ab0d0,0x00000000cd000000)
 Metaspace       used 6527K, capacity 7280K, committed 7552K, reserved 1056768K
  class space    used 594K, capacity 616K, committed 640K, reserved 1048576K
Event: 9.160 GC heap after
Heap after GC invocations=16 (full 3):
 PSYoungGen      total 287744K, used 61434K [0x00000000eab00000, 0x0000000100000000, 0x0000000100000000)
  eden space 226304K, 0% used [0x00000000eab00000,0x00000000eab00000,0x00000000f8800000)
  from space 61440K, 99% used [0x00000000f8800000,0x00000000fc3fe8d8,0x00000000fc400000)
  to   space 61440K, 0% used [0x00000000fc400000,0x00000000fc400000,0x0000000100000000)
 ParOldGen       total 212992K, used 147120K [0x00000000c0000000, 0x00000000cd000000, 0x00000000eab00000)
  object space 212992K, 69% used [0x00000000c0000000,0x00000000c8fac290,0x00000000cd000000)
 Metaspace       used 6527K, capacity 7280K, committed 7552K, reserved 1056768K
  class space    used 594K, capacity 616K, committed 640K, reserved 1048576K
}
Event: 9.699 GC heap before
{Heap before GC invocations=17 (full 3):
 PSYoungGen      total 287744K, used 287738K [0x00000000eab00000, 0x0000000100000000, 0x0000000100000000)
  eden space 226304K, 100% used [0x00000000eab00000,0x00000000f8800000,0x00000000f8800000)
  from space 61440K, 99% used [0x00000000f8800000,0x00000000fc3fe8d8,0x00000000fc400000)
  to   space 61440K, 0% used [0x00000000fc400000,0x00000000fc400000,0x0000000100000000)
 ParOldGen       total 212992K, used 147120K [0x00000000c0000000, 0x00000000cd000000, 0x00000000eab00000)
  object space 212992K, 69% used [0x00000000c0000000,0x00000000c8fac290,0x00000000cd000000)
 Metaspace       used 6550K, capacity 7280K, committed 7552K, reserved 1056768K
  class space    used 594K, capacity 616K, committed 640K, reserved 1048576K
Event: 9.809 GC heap after
Heap after GC invocations=17 (full 3):
 PSYoungGen      total 245760K, used 55674K [0x00000000eab00000, 0x0000000100000000, 0x0000000100000000)
  eden space 184320K, 0% used [0x00000000eab00000,0x00000000eab00000,0x00000000f5f00000)
  from space 61440K, 90% used [0x00000000fc400000,0x00000000ffa5ebb8,0x0000000100000000)
  to   space 82432K, 0% used [0x00000000f5f00000,0x00000000f5f00000,0x00000000faf80000)
 ParOldGen       total 212992K, used 185500K [0x00000000c0000000, 0x00000000cd000000, 0x00000000eab00000)
  object space 212992K, 87% used [0x00000000c0000000,0x00000000cb527238,0x00000000cd000000)
 Metaspace       used 6550K, capacity 7280K, committed 7552K, reserved 1056768K
  class space    used 594K, capacity 616K, committed 640K, reserved 1048576K
}
Event: 9.809 GC heap before
{Heap before GC invocations=18 (full 4):
 PSYoungGen      total 245760K, used 55674K [0x00000000eab00000, 0x0000000100000000, 0x0000000100000000)
  eden space 184320K, 0% used [0x00000000eab00000,0x00000000eab00000,0x00000000f5f00000)
  from space 61440K, 90% used [0x00000000fc400000,0x00000000ffa5ebb8,0x0000000100000000)
  to   space 82432K, 0% used [0x00000000f5f00000,0x00000000f5f00000,0x00000000faf80000)
 ParOldGen       total 212992K, used 185500K [0x00000000c0000000, 0x00000000cd000000, 0x00000000eab00000)
  object space 212992K, 87% used [0x00000000c0000000,0x00000000cb527238,0x00000000cd000000)
 Metaspace       used 6550K, capacity 7280K, committed 7552K, reserved 1056768K
  class space    used 594K, capacity 616K, committed 640K, reserved 1048576K

