# JRE version: OpenJDK Runtime Environment (8.0_76-b03) (build 1.8.0_76-release-b03)
# Java VM: OpenJDK 64-Bit Server VM (25.76-b03 mixed mode linux-amd64 compressed oops)
Heap:
 PSYoungGen      total 264192K, used 0K [0x00000000eab00000, 0x0000000100000000, 0x0000000100000000)
  eden space 207872K, 0% used [0x00000000eab00000,0x00000000eab00000,0x00000000f7600000)
  from space 56320K, 0% used [0x00000000fc900000,0x00000000fc900000,0x0000000100000000)
  to   space 70656K, 39% used [0x00000000f7600000,0x00000000f9117a98,0x00000000fbb00000)
 ParOldGen       total 232448K, used 232437K [0x00000000c0000000, 0x00000000ce300000, 0x00000000eab00000)
  object space 232448K, 99% used [0x00000000c0000000,0x00000000ce2fd7d0,0x00000000ce300000)
 Metaspace       used 6575K, capacity 7280K, committed 7552K, reserved 1056768K
  class space    used 595K, capacity 616K, committed 640K, reserved 1048576K
GC Heap History (10 events):
Event: 13.647 GC heap after
Heap after GC invocations=16 (full 2):
 PSYoungGen      total 280576K, used 37877K [0x00000000eab00000, 0x0000000100000000, 0x0000000100000000)
  eden space 242688K, 0% used [0x00000000eab00000,0x00000000eab00000,0x00000000f9800000)
  from space 37888K, 99% used [0x00000000fdb00000,0x00000000ffffd790,0x0000000100000000)
  to   space 53248K, 0% used [0x00000000f9800000,0x00000000f9800000,0x00000000fcc00000)
 ParOldGen       total 134144K, used 128513K [0x00000000c0000000, 0x00000000c8300000, 0x00000000eab00000)
  object space 134144K, 95% used [0x00000000c0000000,0x00000000c7d804d8,0x00000000c8300000)
 Metaspace       used 6544K, capacity 7280K, committed 7552K, reserved 1056768K
  class space    used 595K, capacity 616K, committed 640K, reserved 1048576K
}
Event: 13.647 GC heap before
{Heap before GC invocations=17 (full 3):
 PSYoungGen      total 280576K, used 37877K [0x00000000eab00000, 0x0000000100000000, 0x0000000100000000)
  eden space 242688K, 0% used [0x00000000eab00000,0x00000000eab00000,0x00000000f9800000)
  from space 37888K, 99% used [0x00000000fdb00000,0x00000000ffffd790,0x0000000100000000)
  to   space 53248K, 0% used [0x00000000f9800000,0x00000000f9800000,0x00000000fcc00000)
 ParOldGen       total 134144K, used 128513K [0x00000000c0000000, 0x00000000c8300000, 0x00000000eab00000)
  object space 134144K, 95% used [0x00000000c0000000,0x00000000c7d804d8,0x00000000c8300000)
 Metaspace       used 6544K, capacity 7280K, committed 7552K, reserved 1056768K
  class space    used 595K, capacity 616K, committed 640K, reserved 1048576K
Event: 14.418 GC heap after
Heap after GC invocations=17 (full 3):
 PSYoungGen      total 280576K, used 29069K [0x00000000eab00000, 0x0000000100000000, 0x0000000100000000)
  eden space 242688K, 0% used [0x00000000eab00000,0x00000000eab00000,0x00000000f9800000)
  from space 37888K, 76% used [0x00000000fdb00000,0x00000000ff763620,0x0000000100000000)
  to   space 53248K, 0% used [0x00000000f9800000,0x00000000f9800000,0x00000000fcc00000)
 ParOldGen       total 210944K, used 133993K [0x00000000c0000000, 0x00000000cce00000, 0x00000000eab00000)
  object space 210944K, 63% used [0x00000000c0000000,0x00000000c82da460,0x00000000cce00000)
 Metaspace       used 6544K, capacity 7280K, committed 7552K, reserved 1056768K
  class space    used 595K, capacity 616K, committed 640K, reserved 1048576K
}
Event: 15.261 GC heap before
{Heap before GC invocations=18 (full 3):
 PSYoungGen      total 280576K, used 271757K [0x00000000eab00000, 0x0000000100000000, 0x0000000100000000)
  eden space 242688K, 100% used [0x00000000eab00000,0x00000000f9800000,0x00000000f9800000)
  from space 37888K, 76% used [0x00000000fdb00000,0x00000000ff763620,0x0000000100000000)
  to   space 53248K, 0% used [0x00000000f9800000,0x00000000f9800000,0x00000000fcc00000)
 ParOldGen       total 210944K, used 133993K [0x00000000c0000000, 0x00000000cce00000, 0x00000000eab00000)
  object space 210944K, 63% used [0x00000000c0000000,0x00000000c82da460,0x00000000cce00000)
 Metaspace       used 6554K, capacity 7280K, committed 7552K, reserved 1056768K
  class space    used 595K, capacity 616K, committed 640K, reserved 1048576K
Event: 15.448 GC heap after
Heap after GC invocations=18 (full 3):
 PSYoungGen      total 279552K, used 36480K [0x00000000eab00000, 0x0000000100000000, 0x0000000100000000)
  eden space 242688K, 0% used [0x00000000eab00000,0x00000000eab00000,0x00000000f9800000)
  from space 36864K, 98% used [0x00000000f9800000,0x00000000fbba0000,0x00000000fbc00000)
  to   space 56320K, 0% used [0x00000000fc900000,0x00000000fc900000,0x0000000100000000)
 ParOldGen       total 210944K, used 163173K [0x00000000c0000000, 0x00000000cce00000, 0x00000000eab00000)
  object space 210944K, 77% used [0x00000000c0000000,0x00000000c9f597d0,0x00000000cce00000)
 Metaspace       used 6554K, capacity 7280K, committed 7552K, reserved 1056768K
  class space    used 595K, capacity 616K, committed 640K, reserved 1048576K
}
Event: 16.337 GC heap before
{Heap before GC invocations=19 (full 3):
 PSYoungGen      total 279552K, used 279168K [0x00000000eab00000, 0x0000000100000000, 0x0000000100000000)
  eden space 242688K, 100% used [0x00000000eab00000,0x00000000f9800000,0x00000000f9800000)
  from space 36864K, 98% used [0x00000000f9800000,0x00000000fbba0000,0x00000000fbc00000)
  to   space 56320K, 0% used [0x00000000fc900000,0x00000000fc900000,0x0000000100000000)
 ParOldGen       total 210944K, used 163173K [0x00000000c0000000, 0x00000000cce00000, 0x00000000eab00000)
  object space 210944K, 77% used [0x00000000c0000000,0x00000000c9f597d0,0x00000000cce00000)
 Metaspace       used 6562K, capacity 7280K, committed 7552K, reserved 1056768K
  class space    used 595K, capacity 616K, committed 640K, reserved 1048576K
Event: 16.459 GC heap after
Heap after GC invocations=19 (full 3):
 PSYoungGen      total 264192K, used 56316K [0x00000000eab00000, 0x0000000100000000, 0x0000000100000000)
  eden space 207872K, 0% used [0x00000000eab00000,0x00000000eab00000,0x00000000f7600000)
  from space 56320K, 99% used [0x00000000fc900000,0x00000000fffff130,0x0000000100000000)
  to   space 70656K, 0% used [0x00000000f7600000,0x00000000f7600000,0x00000000fbb00000)
 ParOldGen       total 210944K, used 176041K [0x00000000c0000000, 0x00000000cce00000, 0x00000000eab00000)
  object space 210944K, 83% used [0x00000000c0000000,0x00000000cabea430,0x00000000cce00000)
 Metaspace       used 6562K, capacity 7280K, committed 7552K, reserved 1056768K
  class space    used 595K, capacity 616K, committed 640K, reserved 1048576K
}
Event: 18.384 GC heap before
{Heap before GC invocations=20 (full 3):
 PSYoungGen      total 264192K, used 264188K [0x00000000eab00000, 0x0000000100000000, 0x0000000100000000)
  eden space 207872K, 100% used [0x00000000eab00000,0x00000000f7600000,0x00000000f7600000)
  from space 56320K, 99% used [0x00000000fc900000,0x00000000fffff130,0x0000000100000000)
  to   space 70656K, 0% used [0x00000000f7600000,0x00000000f7600000,0x00000000fbb00000)
 ParOldGen       total 210944K, used 176041K [0x00000000c0000000, 0x00000000cce00000, 0x00000000eab00000)
  object space 210944K, 83% used [0x00000000c0000000,0x00000000cabea430,0x00000000cce00000)
 Metaspace       used 6575K, capacity 7280K, committed 7552K, reserved 1056768K
  class space    used 595K, capacity 616K, committed 640K, reserved 1048576K
Event: 18.635 GC heap after
Heap after GC invocations=20 (full 3):
 PSYoungGen      total 264192K, used 264188K [0x00000000eab00000, 0x0000000100000000, 0x0000000100000000)
  eden space 207872K, 100% used [0x00000000eab00000,0x00000000f7600000,0x00000000f7600000)
  from space 56320K, 99% used [0x00000000fc900000,0x00000000fffff130,0x0000000100000000)
  to   space 70656K, 43% used [0x00000000f7600000,0x00000000f93c6938,0x00000000fbb00000)
 ParOldGen       total 232448K, used 232169K [0x00000000c0000000, 0x00000000ce300000, 0x00000000eab00000)
  object space 232448K, 99% used [0x00000000c0000000,0x00000000ce2ba460,0x00000000ce300000)
 Metaspace       used 6575K, capacity 7280K, committed 7552K, reserved 1056768K
  class space    used 595K, capacity 616K, committed 640K, reserved 1048576K
}
Event: 18.859 GC heap before
{Heap before GC invocations=21 (full 4):
 PSYoungGen      total 264192K, used 264188K [0x00000000eab00000, 0x0000000100000000, 0x0000000100000000)
  eden space 207872K, 100% used [0x00000000eab00000,0x00000000f7600000,0x00000000f7600000)
  from space 56320K, 99% used [0x00000000fc900000,0x00000000fffff130,0x0000000100000000)
  to   space 70656K, 43% used [0x00000000f7600000,0x00000000f93c6938,0x00000000fbb00000)
 ParOldGen       total 232448K, used 232169K [0x00000000c0000000, 0x00000000ce300000, 0x00000000eab00000)
  object space 232448K, 99% used [0x00000000c0000000,0x00000000ce2ba460,0x00000000ce300000)
 Metaspace       used 6575K, capacity 7280K, committed 7552K, reserved 1056768K
  class space    used 595K, capacity 616K, committed 640K, reserved 1048576K

