# JRE version: OpenJDK Runtime Environment (8.0_76-b03) (build 1.8.0_76-release-b03)
# Java VM: OpenJDK 64-Bit Server VM (25.76-b03 mixed mode linux-amd64 compressed oops)
Heap:
 PSYoungGen      total 228864K, used 6950K [0x00000000eab00000, 0x00000000ffc00000, 0x0000000100000000)
  eden space 116736K, 0% used [0x00000000eab00000,0x00000000eab00000,0x00000000f1d00000)
  from space 112128K, 6% used [0x00000000f8e80000,0x00000000f95498b8,0x00000000ffc00000)
  to   space 114176K, 0% used [0x00000000f1d00000,0x00000000f1d00000,0x00000000f8c80000)
 ParOldGen       total 549376K, used 549168K [0x00000000c0000000, 0x00000000e1880000, 0x00000000eab00000)
  object space 549376K, 99% used [0x00000000c0000000,0x00000000e184c3f8,0x00000000e1880000)
 Metaspace       used 6563K, capacity 7280K, committed 7552K, reserved 1056768K
  class space    used 596K, capacity 616K, committed 640K, reserved 1048576K
GC Heap History (10 events):
Event: 20.335 GC heap after
Heap after GC invocations=31 (full 5):
 PSYoungGen      total 226816K, used 73665K [0x00000000eab00000, 0x0000000100000000, 0x0000000100000000)
  eden space 119808K, 0% used [0x00000000eab00000,0x00000000eab00000,0x00000000f2000000)
  from space 107008K, 68% used [0x00000000f8d00000,0x00000000fd4f0520,0x00000000ff580000)
  to   space 111616K, 0% used [0x00000000f2000000,0x00000000f2000000,0x00000000f8d00000)
 ParOldGen       total 549376K, used 410770K [0x00000000c0000000, 0x00000000e1880000, 0x00000000eab00000)
  object space 549376K, 74% used [0x00000000c0000000,0x00000000d9124870,0x00000000e1880000)
 Metaspace       used 6563K, capacity 7280K, committed 7552K, reserved 1056768K
  class space    used 596K, capacity 616K, committed 640K, reserved 1048576K
}
Event: 20.649 GC heap before
{Heap before GC invocations=32 (full 5):
 PSYoungGen      total 226816K, used 193473K [0x00000000eab00000, 0x0000000100000000, 0x0000000100000000)
  eden space 119808K, 100% used [0x00000000eab00000,0x00000000f2000000,0x00000000f2000000)
  from space 107008K, 68% used [0x00000000f8d00000,0x00000000fd4f0520,0x00000000ff580000)
  to   space 111616K, 0% used [0x00000000f2000000,0x00000000f2000000,0x00000000f8d00000)
 ParOldGen       total 549376K, used 410770K [0x00000000c0000000, 0x00000000e1880000, 0x00000000eab00000)
  object space 549376K, 74% used [0x00000000c0000000,0x00000000d9124870,0x00000000e1880000)
 Metaspace       used 6563K, capacity 7280K, committed 7552K, reserved 1056768K
  class space    used 596K, capacity 616K, committed 640K, reserved 1048576K
Event: 20.795 GC heap after
Heap after GC invocations=32 (full 5):
 PSYoungGen      total 231424K, used 92345K [0x00000000eab00000, 0x0000000100000000, 0x0000000100000000)
  eden space 119808K, 0% used [0x00000000eab00000,0x00000000eab00000,0x00000000f2000000)
  from space 111616K, 82% used [0x00000000f2000000,0x00000000f7a2e578,0x00000000f8d00000)
  to   space 116224K, 0% used [0x00000000f8e80000,0x00000000f8e80000,0x0000000100000000)
 ParOldGen       total 549376K, used 410770K [0x00000000c0000000, 0x00000000e1880000, 0x00000000eab00000)
  object space 549376K, 74% used [0x00000000c0000000,0x00000000d9124870,0x00000000e1880000)
 Metaspace       used 6563K, capacity 7280K, committed 7552K, reserved 1056768K
  class space    used 596K, capacity 616K, committed 640K, reserved 1048576K
}
Event: 21.266 GC heap before
{Heap before GC invocations=33 (full 5):
 PSYoungGen      total 231424K, used 212153K [0x00000000eab00000, 0x0000000100000000, 0x0000000100000000)
  eden space 119808K, 100% used [0x00000000eab00000,0x00000000f2000000,0x00000000f2000000)
  from space 111616K, 82% used [0x00000000f2000000,0x00000000f7a2e578,0x00000000f8d00000)
  to   space 116224K, 0% used [0x00000000f8e80000,0x00000000f8e80000,0x0000000100000000)
 ParOldGen       total 549376K, used 410770K [0x00000000c0000000, 0x00000000e1880000, 0x00000000eab00000)
  object space 549376K, 74% used [0x00000000c0000000,0x00000000d9124870,0x00000000e1880000)
 Metaspace       used 6563K, capacity 7280K, committed 7552K, reserved 1056768K
  class space    used 596K, capacity 616K, committed 640K, reserved 1048576K
Event: 21.420 GC heap after
Heap after GC invocations=33 (full 5):
 PSYoungGen      total 232960K, used 75300K [0x00000000eab00000, 0x0000000100000000, 0x0000000100000000)
  eden space 116736K, 0% used [0x00000000eab00000,0x00000000eab00000,0x00000000f1d00000)
  from space 116224K, 64% used [0x00000000f8e80000,0x00000000fd809230,0x0000000100000000)
  to   space 116224K, 0% used [0x00000000f1d00000,0x00000000f1d00000,0x00000000f8e80000)
 ParOldGen       total 549376K, used 446511K [0x00000000c0000000, 0x00000000e1880000, 0x00000000eab00000)
  object space 549376K, 81% used [0x00000000c0000000,0x00000000db40be68,0x00000000e1880000)
 Metaspace       used 6563K, capacity 7280K, committed 7552K, reserved 1056768K
  class space    used 596K, capacity 616K, committed 640K, reserved 1048576K
}
Event: 21.749 GC heap before
{Heap before GC invocations=34 (full 5):
 PSYoungGen      total 232960K, used 192036K [0x00000000eab00000, 0x0000000100000000, 0x0000000100000000)
  eden space 116736K, 100% used [0x00000000eab00000,0x00000000f1d00000,0x00000000f1d00000)
  from space 116224K, 64% used [0x00000000f8e80000,0x00000000fd809230,0x0000000100000000)
  to   space 116224K, 0% used [0x00000000f1d00000,0x00000000f1d00000,0x00000000f8e80000)
 ParOldGen       total 549376K, used 446511K [0x00000000c0000000, 0x00000000e1880000, 0x00000000eab00000)
  object space 549376K, 81% used [0x00000000c0000000,0x00000000db40be68,0x00000000e1880000)
 Metaspace       used 6563K, capacity 7280K, committed 7552K, reserved 1056768K
  class space    used 596K, capacity 616K, committed 640K, reserved 1048576K
Event: 21.971 GC heap after
Heap after GC invocations=34 (full 5):
 PSYoungGen      total 232960K, used 56841K [0x00000000eab00000, 0x0000000100000000, 0x0000000100000000)
  eden space 116736K, 0% used [0x00000000eab00000,0x00000000eab00000,0x00000000f1d00000)
  from space 116224K, 48% used [0x00000000f1d00000,0x00000000f5482550,0x00000000f8e80000)
  to   space 116224K, 0% used [0x00000000f8e80000,0x00000000f8e80000,0x0000000100000000)
 ParOldGen       total 549376K, used 483569K [0x00000000c0000000, 0x00000000e1880000, 0x00000000eab00000)
  object space 549376K, 88% used [0x00000000c0000000,0x00000000dd83c588,0x00000000e1880000)
 Metaspace       used 6563K, capacity 7280K, committed 7552K, reserved 1056768K
  class space    used 596K, capacity 616K, committed 640K, reserved 1048576K
}
Event: 22.728 GC heap before
{Heap before GC invocations=35 (full 5):
 PSYoungGen      total 232960K, used 173577K [0x00000000eab00000, 0x0000000100000000, 0x0000000100000000)
  eden space 116736K, 100% used [0x00000000eab00000,0x00000000f1d00000,0x00000000f1d00000)
  from space 116224K, 48% used [0x00000000f1d00000,0x00000000f5482550,0x00000000f8e80000)
  to   space 116224K, 0% used [0x00000000f8e80000,0x00000000f8e80000,0x0000000100000000)
 ParOldGen       total 549376K, used 483569K [0x00000000c0000000, 0x00000000e1880000, 0x00000000eab00000)
  object space 549376K, 88% used [0x00000000c0000000,0x00000000dd83c588,0x00000000e1880000)
 Metaspace       used 6563K, capacity 7280K, committed 7552K, reserved 1056768K
  class space    used 596K, capacity 616K, committed 640K, reserved 1048576K
Event: 22.855 GC heap after
Heap after GC invocations=35 (full 5):
 PSYoungGen      total 228864K, used 36742K [0x00000000eab00000, 0x00000000ffc00000, 0x0000000100000000)
  eden space 116736K, 0% used [0x00000000eab00000,0x00000000eab00000,0x00000000f1d00000)
  from space 112128K, 32% used [0x00000000f8e80000,0x00000000fb261840,0x00000000ffc00000)
  to   space 114176K, 0% used [0x00000000f1d00000,0x00000000f1d00000,0x00000000f8c80000)
 ParOldGen       total 549376K, used 521499K [0x00000000c0000000, 0x00000000e1880000, 0x00000000eab00000)
  object space 549376K, 94% used [0x00000000c0000000,0x00000000dfd46dd8,0x00000000e1880000)
 Metaspace       used 6563K, capacity 7280K, committed 7552K, reserved 1056768K
  class space    used 596K, capacity 616K, committed 640K, reserved 1048576K
}
Event: 22.855 GC heap before
{Heap before GC invocations=36 (full 6):
 PSYoungGen      total 228864K, used 36742K [0x00000000eab00000, 0x00000000ffc00000, 0x0000000100000000)
  eden space 116736K, 0% used [0x00000000eab00000,0x00000000eab00000,0x00000000f1d00000)
  from space 112128K, 32% used [0x00000000f8e80000,0x00000000fb261840,0x00000000ffc00000)
  to   space 114176K, 0% used [0x00000000f1d00000,0x00000000f1d00000,0x00000000f8c80000)
 ParOldGen       total 549376K, used 521499K [0x00000000c0000000, 0x00000000e1880000, 0x00000000eab00000)
  object space 549376K, 94% used [0x00000000c0000000,0x00000000dfd46dd8,0x00000000e1880000)
 Metaspace       used 6563K, capacity 7280K, committed 7552K, reserved 1056768K
  class space    used 596K, capacity 616K, committed 640K, reserved 1048576K

